<?xml version="1.0" encoding="UTF-8"?>
<!-- Generated by org.testng.reporters.JUnitReportReporter -->
<testsuite hostname="manasa" failures="0" tests="1" name="testcase.BasicProjectValidation" time="0.010" errors="0" timestamp="2024-04-18T18:09:36 IST" skipped="0">
  <testcase classname="testcase.BasicProjectValidation" name="PageTitle" time="0.010"/>
</testsuite> <!-- testcase.BasicProjectValidation -->
