<?xml version="1.0" encoding="UTF-8"?>
<!-- Generated by org.testng.reporters.JUnitReportReporter -->
<testsuite hostname="manasa" failures="0" tests="1" name="org.example.Project.example1" time="0.016" errors="0" timestamp="2024-04-12T10:24:28 IST" skipped="0">
  <testcase classname="org.example.Project.example1" name="m1" time="0.016"/>
</testsuite> <!-- org.example.Project.example1 -->
